This file contains any messages produced by compilers while
running configure, to aid debugging if configure makes a mistake.

It was created by PROJ.4 Projections configure 4.9.1, which was
generated by GNU Autoconf 2.69.  Invocation command line was

  $ ./configure 

## --------- ##
## Platform. ##
## --------- ##

hostname = anirrudh-desktop
uname -m = x86_64
uname -r = 4.13.0-31-generic
uname -s = Linux
uname -v = #34~16.04.1-Ubuntu SMP Fri Jan 19 17:11:01 UTC 2018

/usr/bin/uname -p = unknown
/bin/uname -X     = unknown

/bin/arch              = unknown
/usr/bin/arch -k       = unknown
/usr/convex/getsysinfo = unknown
/usr/bin/hostinfo      = unknown
/bin/machine           = unknown
/usr/bin/oslevel       = unknown
/bin/universe          = unknown

PATH: /home/anirrudh/bin
PATH: /home/anirrudh/.local/bin
PATH: /home/anirrudh/anaconda3/bin
PATH: /usr/local/sbin
PATH: /usr/local/bin
PATH: /usr/sbin
PATH: /usr/bin
PATH: /sbin
PATH: /bin
PATH: /usr/games
PATH: /usr/local/games
PATH: /snap/bin


## ----------- ##
## Core tests. ##
## ----------- ##

configure:2283: checking for a BSD-compatible install
configure:2351: result: /usr/bin/install -c
configure:2362: checking whether build environment is sane
configure:2417: result: yes
configure:2455: WARNING: 'missing' script is too old or missing
configure:2568: checking for a thread-safe mkdir -p
configure:2607: result: /bin/mkdir -p
configure:2614: checking for gawk
configure:2630: found /usr/bin/gawk
configure:2641: result: gawk
configure:2652: checking whether make sets $(MAKE)
configure:2674: result: yes
configure:2703: checking whether make supports nested variables
configure:2720: result: yes
configure:2846: checking whether to enable maintainer-specific portions of Makefiles
configure:2855: result: no
configure:2883: checking for style of include used by make
configure:2911: result: GNU
configure:2982: checking for gcc
configure:2998: found /usr/bin/gcc
configure:3009: result: gcc
configure:3238: checking for C compiler version
configure:3247: gcc --version >&5
gcc (Ubuntu 5.4.0-6ubuntu1~16.04.4) 5.4.0 20160609
Copyright (C) 2015 Free Software Foundation, Inc.
This is free software; see the source for copying conditions.  There is NO
warranty; not even for MERCHANTABILITY or FITNESS FOR A PARTICULAR PURPOSE.

configure:3258: $? = 0
configure:3247: gcc -v >&5
Using built-in specs.
COLLECT_GCC=gcc
COLLECT_LTO_WRAPPER=/usr/lib/gcc/x86_64-linux-gnu/5/lto-wrapper
Target: x86_64-linux-gnu
Configured with: ../src/configure -v --with-pkgversion='Ubuntu 5.4.0-6ubuntu1~16.04.4' --with-bugurl=file:///usr/share/doc/gcc-5/README.Bugs --enable-languages=c,ada,c++,java,go,d,fortran,objc,obj-c++ --prefix=/usr --program-suffix=-5 --enable-shared --enable-linker-build-id --libexecdir=/usr/lib --without-included-gettext --enable-threads=posix --libdir=/usr/lib --enable-nls --with-sysroot=/ --enable-clocale=gnu --enable-libstdcxx-debug --enable-libstdcxx-time=yes --with-default-libstdcxx-abi=new --enable-gnu-unique-object --disable-vtable-verify --enable-libmpx --enable-plugin --with-system-zlib --disable-browser-plugin --enable-java-awt=gtk --enable-gtk-cairo --with-java-home=/usr/lib/jvm/java-1.5.0-gcj-5-amd64/jre --enable-java-home --with-jvm-root-dir=/usr/lib/jvm/java-1.5.0-gcj-5-amd64 --with-jvm-jar-dir=/usr/lib/jvm-exports/java-1.5.0-gcj-5-amd64 --with-arch-directory=amd64 --with-ecj-jar=/usr/share/java/eclipse-ecj.jar --enable-objc-gc --enable-multiarch --disable-werror --with-arch-32=i686 --with-abi=m64 --with-multilib-list=m32,m64,mx32 --enable-multilib --with-tune=generic --enable-checking=release --build=x86_64-linux-gnu --host=x86_64-linux-gnu --target=x86_64-linux-gnu
Thread model: posix
gcc version 5.4.0 20160609 (Ubuntu 5.4.0-6ubuntu1~16.04.4) 
configure:3258: $? = 0
configure:3247: gcc -V >&5
gcc: error: unrecognized command line option '-V'
gcc: fatal error: no input files
compilation terminated.
configure:3258: $? = 1
configure:3247: gcc -qversion >&5
gcc: error: unrecognized command line option '-qversion'
gcc: fatal error: no input files
compilation terminated.
configure:3258: $? = 1
configure:3278: checking whether the C compiler works
configure:3300: gcc    conftest.c  >&5
configure:3304: $? = 0
configure:3352: result: yes
configure:3355: checking for C compiler default output file name
configure:3357: result: a.out
configure:3363: checking for suffix of executables
configure:3370: gcc -o conftest    conftest.c  >&5
configure:3374: $? = 0
configure:3396: result: 
configure:3418: checking whether we are cross compiling
configure:3426: gcc -o conftest    conftest.c  >&5
configure:3430: $? = 0
configure:3437: ./conftest
configure:3441: $? = 0
configure:3456: result: no
configure:3461: checking for suffix of object files
configure:3483: gcc -c   conftest.c >&5
configure:3487: $? = 0
configure:3508: result: o
configure:3512: checking whether we are using the GNU C compiler
configure:3531: gcc -c   conftest.c >&5
configure:3531: $? = 0
configure:3540: result: yes
configure:3549: checking whether gcc accepts -g
configure:3569: gcc -c -g  conftest.c >&5
configure:3569: $? = 0
configure:3610: result: yes
configure:3627: checking for gcc option to accept ISO C89
configure:3690: gcc  -c -g -O2  conftest.c >&5
configure:3690: $? = 0
configure:3703: result: none needed
configure:3728: checking whether gcc understands -c and -o together
configure:3750: gcc -c conftest.c -o conftest2.o
configure:3753: $? = 0
configure:3750: gcc -c conftest.c -o conftest2.o
configure:3753: $? = 0
configure:3765: result: yes
configure:3784: checking dependency style of gcc
configure:3895: result: gcc3
configure:3911: checking C_WFLAGS for maximum warnings
configure:3938: gcc -c -g -O2 -pedantic -Wdeclaration-after-statement  -Wall -Wdeclaration-after-statement  conftest.c >&5
configure:3938: $? = 0
configure:3952: result: -Wall -Wdeclaration-after-statement
configure:3965: : C_WFLAGS="$C_WFLAGS $ac_cv_cflags_warn_all"
configure:3968: $? = 0
configure:4026: checking for gcc
configure:4053: result: gcc
configure:4282: checking for C compiler version
configure:4291: gcc --version >&5
gcc (Ubuntu 5.4.0-6ubuntu1~16.04.4) 5.4.0 20160609
Copyright (C) 2015 Free Software Foundation, Inc.
This is free software; see the source for copying conditions.  There is NO
warranty; not even for MERCHANTABILITY or FITNESS FOR A PARTICULAR PURPOSE.

configure:4302: $? = 0
configure:4291: gcc -v >&5
Using built-in specs.
COLLECT_GCC=gcc
COLLECT_LTO_WRAPPER=/usr/lib/gcc/x86_64-linux-gnu/5/lto-wrapper
Target: x86_64-linux-gnu
Configured with: ../src/configure -v --with-pkgversion='Ubuntu 5.4.0-6ubuntu1~16.04.4' --with-bugurl=file:///usr/share/doc/gcc-5/README.Bugs --enable-languages=c,ada,c++,java,go,d,fortran,objc,obj-c++ --prefix=/usr --program-suffix=-5 --enable-shared --enable-linker-build-id --libexecdir=/usr/lib --without-included-gettext --enable-threads=posix --libdir=/usr/lib --enable-nls --with-sysroot=/ --enable-clocale=gnu --enable-libstdcxx-debug --enable-libstdcxx-time=yes --with-default-libstdcxx-abi=new --enable-gnu-unique-object --disable-vtable-verify --enable-libmpx --enable-plugin --with-system-zlib --disable-browser-plugin --enable-java-awt=gtk --enable-gtk-cairo --with-java-home=/usr/lib/jvm/java-1.5.0-gcj-5-amd64/jre --enable-java-home --with-jvm-root-dir=/usr/lib/jvm/java-1.5.0-gcj-5-amd64 --with-jvm-jar-dir=/usr/lib/jvm-exports/java-1.5.0-gcj-5-amd64 --with-arch-directory=amd64 --with-ecj-jar=/usr/share/java/eclipse-ecj.jar --enable-objc-gc --enable-multiarch --disable-werror --with-arch-32=i686 --with-abi=m64 --with-multilib-list=m32,m64,mx32 --enable-multilib --with-tune=generic --enable-checking=release --build=x86_64-linux-gnu --host=x86_64-linux-gnu --target=x86_64-linux-gnu
Thread model: posix
gcc version 5.4.0 20160609 (Ubuntu 5.4.0-6ubuntu1~16.04.4) 
configure:4302: $? = 0
configure:4291: gcc -V >&5
gcc: error: unrecognized command line option '-V'
gcc: fatal error: no input files
compilation terminated.
configure:4302: $? = 1
configure:4291: gcc -qversion >&5
gcc: error: unrecognized command line option '-qversion'
gcc: fatal error: no input files
compilation terminated.
configure:4302: $? = 1
configure:4306: checking whether we are using the GNU C compiler
configure:4334: result: yes
configure:4343: checking whether gcc accepts -g
configure:4404: result: yes
configure:4421: checking for gcc option to accept ISO C89
configure:4497: result: none needed
configure:4522: checking whether gcc understands -c and -o together
configure:4559: result: yes
configure:4578: checking dependency style of gcc
configure:4689: result: gcc3
configure:4705: checking whether ln -s works
configure:4709: result: yes
configure:4716: checking whether make sets $(MAKE)
configure:4738: result: yes
configure:4776: checking build system type
configure:4790: result: x86_64-unknown-linux-gnu
configure:4810: checking host system type
configure:4823: result: x86_64-unknown-linux-gnu
configure:4864: checking how to print strings
configure:4891: result: printf
configure:4912: checking for a sed that does not truncate output
configure:4976: result: /bin/sed
configure:4994: checking for grep that handles long lines and -e
configure:5052: result: /bin/grep
configure:5057: checking for egrep
configure:5119: result: /bin/grep -E
configure:5124: checking for fgrep
configure:5186: result: /bin/grep -F
configure:5221: checking for ld used by gcc
configure:5288: result: /usr/bin/ld
configure:5295: checking if the linker (/usr/bin/ld) is GNU ld
configure:5310: result: yes
configure:5322: checking for BSD- or MS-compatible name lister (nm)
configure:5371: result: /usr/bin/nm -B
configure:5501: checking the name lister (/usr/bin/nm -B) interface
configure:5508: gcc -c -g -O2  conftest.c >&5
configure:5511: /usr/bin/nm -B "conftest.o"
configure:5514: output
0000000000000000 B some_variable
configure:5521: result: BSD nm
configure:5525: checking the maximum length of command line arguments
configure:5656: result: 1572864
configure:5673: checking whether the shell understands some XSI constructs
configure:5683: result: yes
configure:5687: checking whether the shell understands "+="
configure:5693: result: yes
configure:5728: checking how to convert x86_64-unknown-linux-gnu file names to x86_64-unknown-linux-gnu format
configure:5768: result: func_convert_file_noop
configure:5775: checking how to convert x86_64-unknown-linux-gnu file names to toolchain format
configure:5795: result: func_convert_file_noop
configure:5802: checking for /usr/bin/ld option to reload object files
configure:5809: result: -r
configure:5883: checking for objdump
configure:5899: found /usr/bin/objdump
configure:5910: result: objdump
configure:5942: checking how to recognize dependent libraries
configure:6140: result: pass_all
configure:6225: checking for dlltool
configure:6255: result: no
configure:6285: checking how to associate runtime and link libraries
configure:6312: result: printf %s\n
configure:6372: checking for ar
configure:6388: found /usr/bin/ar
configure:6399: result: ar
configure:6436: checking for archiver @FILE support
configure:6453: gcc -c -g -O2  conftest.c >&5
configure:6453: $? = 0
configure:6456: ar cru libconftest.a @conftest.lst >&5
ar: `u' modifier ignored since `D' is the default (see `U')
configure:6459: $? = 0
configure:6464: ar cru libconftest.a @conftest.lst >&5
ar: `u' modifier ignored since `D' is the default (see `U')
ar: conftest.o: No such file or directory
configure:6467: $? = 1
configure:6479: result: @
configure:6537: checking for strip
configure:6553: found /usr/bin/strip
configure:6564: result: strip
configure:6636: checking for ranlib
configure:6652: found /usr/bin/ranlib
configure:6663: result: ranlib
configure:6765: checking command to parse /usr/bin/nm -B output from gcc object
configure:6885: gcc -c -g -O2  conftest.c >&5
configure:6888: $? = 0
configure:6892: /usr/bin/nm -B conftest.o \| sed -n -e 's/^.*[ ]\([ABCDGIRSTW][ABCDGIRSTW]*\)[ ][ ]*\([_A-Za-z][_A-Za-z0-9]*\)$/\1 \2 \2/p' | sed '/ __gnu_lto/d' \> conftest.nm
configure:6895: $? = 0
configure:6961: gcc -o conftest -g -O2   conftest.c conftstm.o >&5
configure:6964: $? = 0
configure:7002: result: ok
configure:7039: checking for sysroot
configure:7069: result: no
configure:7146: gcc -c -g -O2  conftest.c >&5
configure:7149: $? = 0
configure:7338: checking for mt
configure:7354: found /bin/mt
configure:7365: result: mt
configure:7388: checking if mt is a manifest tool
configure:7394: mt '-?'
configure:7402: result: no
configure:8044: checking how to run the C preprocessor
configure:8075: gcc -E  conftest.c
configure:8075: $? = 0
configure:8089: gcc -E  conftest.c
conftest.c:11:28: fatal error: ac_nonexistent.h: No such file or directory
compilation terminated.
configure:8089: $? = 1
configure: failed program was:
| /* confdefs.h */
| #define PACKAGE_NAME "PROJ.4 Projections"
| #define PACKAGE_TARNAME "proj"
| #define PACKAGE_VERSION "4.9.1"
| #define PACKAGE_STRING "PROJ.4 Projections 4.9.1"
| #define PACKAGE_BUGREPORT "warmerdam@pobox.com"
| #define PACKAGE_URL ""
| #define PACKAGE "proj"
| #define VERSION "4.9.1"
| /* end confdefs.h.  */
| #include <ac_nonexistent.h>
configure:8114: result: gcc -E
configure:8134: gcc -E  conftest.c
configure:8134: $? = 0
configure:8148: gcc -E  conftest.c
conftest.c:11:28: fatal error: ac_nonexistent.h: No such file or directory
compilation terminated.
configure:8148: $? = 1
configure: failed program was:
| /* confdefs.h */
| #define PACKAGE_NAME "PROJ.4 Projections"
| #define PACKAGE_TARNAME "proj"
| #define PACKAGE_VERSION "4.9.1"
| #define PACKAGE_STRING "PROJ.4 Projections 4.9.1"
| #define PACKAGE_BUGREPORT "warmerdam@pobox.com"
| #define PACKAGE_URL ""
| #define PACKAGE "proj"
| #define VERSION "4.9.1"
| /* end confdefs.h.  */
| #include <ac_nonexistent.h>
configure:8177: checking for ANSI C header files
configure:8197: gcc -c -g -O2  conftest.c >&5
configure:8197: $? = 0
configure:8270: gcc -o conftest -g -O2   conftest.c  >&5
configure:8270: $? = 0
configure:8270: ./conftest
configure:8270: $? = 0
configure:8281: result: yes
configure:8294: checking for sys/types.h
configure:8294: gcc -c -g -O2  conftest.c >&5
configure:8294: $? = 0
configure:8294: result: yes
configure:8294: checking for sys/stat.h
configure:8294: gcc -c -g -O2  conftest.c >&5
configure:8294: $? = 0
configure:8294: result: yes
configure:8294: checking for stdlib.h
configure:8294: gcc -c -g -O2  conftest.c >&5
configure:8294: $? = 0
configure:8294: result: yes
configure:8294: checking for string.h
configure:8294: gcc -c -g -O2  conftest.c >&5
configure:8294: $? = 0
configure:8294: result: yes
configure:8294: checking for memory.h
configure:8294: gcc -c -g -O2  conftest.c >&5
configure:8294: $? = 0
configure:8294: result: yes
configure:8294: checking for strings.h
configure:8294: gcc -c -g -O2  conftest.c >&5
configure:8294: $? = 0
configure:8294: result: yes
configure:8294: checking for inttypes.h
configure:8294: gcc -c -g -O2  conftest.c >&5
configure:8294: $? = 0
configure:8294: result: yes
configure:8294: checking for stdint.h
configure:8294: gcc -c -g -O2  conftest.c >&5
configure:8294: $? = 0
configure:8294: result: yes
configure:8294: checking for unistd.h
configure:8294: gcc -c -g -O2  conftest.c >&5
configure:8294: $? = 0
configure:8294: result: yes
configure:8308: checking for dlfcn.h
configure:8308: gcc -c -g -O2  conftest.c >&5
configure:8308: $? = 0
configure:8308: result: yes
configure:8514: checking for objdir
configure:8529: result: .libs
configure:8800: checking if gcc supports -fno-rtti -fno-exceptions
configure:8818: gcc -c -g -O2  -fno-rtti -fno-exceptions conftest.c >&5
cc1: warning: command line option '-fno-rtti' is valid for C++/ObjC++ but not for C
configure:8822: $? = 0
configure:8835: result: no
configure:9162: checking for gcc option to produce PIC
configure:9169: result: -fPIC -DPIC
configure:9177: checking if gcc PIC flag -fPIC -DPIC works
configure:9195: gcc -c -g -O2  -fPIC -DPIC -DPIC conftest.c >&5
configure:9199: $? = 0
configure:9212: result: yes
configure:9241: checking if gcc static flag -static works
configure:9269: result: yes
configure:9284: checking if gcc supports -c -o file.o
configure:9305: gcc -c -g -O2  -o out/conftest2.o conftest.c >&5
configure:9309: $? = 0
configure:9331: result: yes
configure:9339: checking if gcc supports -c -o file.o
configure:9386: result: yes
configure:9419: checking whether the gcc linker (/usr/bin/ld -m elf_x86_64) supports shared libraries
configure:10576: result: yes
configure:10613: checking whether -lc should be explicitly linked in
configure:10621: gcc -c -g -O2  conftest.c >&5
configure:10624: $? = 0
configure:10639: gcc -shared  -fPIC -DPIC conftest.o  -v -Wl,-soname -Wl,conftest -o conftest 2\>\&1 \| /bin/grep  -lc  \>/dev/null 2\>\&1
configure:10642: $? = 0
configure:10656: result: no
configure:10816: checking dynamic linker characteristics
configure:11316: gcc -o conftest -g -O2   -Wl,-rpath -Wl,/foo conftest.c  >&5
configure:11316: $? = 0
configure:11550: result: GNU/Linux ld.so
configure:11657: checking how to hardcode library paths into programs
configure:11682: result: immediate
configure:12222: checking whether stripping libraries is possible
configure:12227: result: yes
configure:12262: checking if libtool supports shared libraries
configure:12264: result: yes
configure:12267: checking whether to build shared libraries
configure:12288: result: yes
configure:12291: checking whether to build static libraries
configure:12295: result: yes
configure:12333: checking for exp in -lm
configure:12358: gcc -o conftest -g -O2   conftest.c -lm   >&5
conftest.c:30:6: warning: conflicting types for built-in function 'exp'
 char exp ();
      ^
configure:12358: $? = 0
configure:12367: result: yes
configure:12379: checking for ANSI C header files
configure:12483: result: yes
configure:12536: checking jni.h usability
configure:12536: gcc -c -g -O2  conftest.c >&5
conftest.c:58:17: fatal error: jni.h: No such file or directory
compilation terminated.
configure:12536: $? = 1
configure: failed program was:
| /* confdefs.h */
| #define PACKAGE_NAME "PROJ.4 Projections"
| #define PACKAGE_TARNAME "proj"
| #define PACKAGE_VERSION "4.9.1"
| #define PACKAGE_STRING "PROJ.4 Projections 4.9.1"
| #define PACKAGE_BUGREPORT "warmerdam@pobox.com"
| #define PACKAGE_URL ""
| #define PACKAGE "proj"
| #define VERSION "4.9.1"
| #define STDC_HEADERS 1
| #define HAVE_SYS_TYPES_H 1
| #define HAVE_SYS_STAT_H 1
| #define HAVE_STDLIB_H 1
| #define HAVE_STRING_H 1
| #define HAVE_MEMORY_H 1
| #define HAVE_STRINGS_H 1
| #define HAVE_INTTYPES_H 1
| #define HAVE_STDINT_H 1
| #define HAVE_UNISTD_H 1
| #define HAVE_DLFCN_H 1
| #define LT_OBJDIR ".libs/"
| #define HAVE_LIBM 1
| #define STDC_HEADERS 1
| /* end confdefs.h.  */
| #include <stdio.h>
| #ifdef HAVE_SYS_TYPES_H
| # include <sys/types.h>
| #endif
| #ifdef HAVE_SYS_STAT_H
| # include <sys/stat.h>
| #endif
| #ifdef STDC_HEADERS
| # include <stdlib.h>
| # include <stddef.h>
| #else
| # ifdef HAVE_STDLIB_H
| #  include <stdlib.h>
| # endif
| #endif
| #ifdef HAVE_STRING_H
| # if !defined STDC_HEADERS && defined HAVE_MEMORY_H
| #  include <memory.h>
| # endif
| # include <string.h>
| #endif
| #ifdef HAVE_STRINGS_H
| # include <strings.h>
| #endif
| #ifdef HAVE_INTTYPES_H
| # include <inttypes.h>
| #endif
| #ifdef HAVE_STDINT_H
| # include <stdint.h>
| #endif
| #ifdef HAVE_UNISTD_H
| # include <unistd.h>
| #endif
| #include <jni.h>
configure:12536: result: no
configure:12536: checking jni.h presence
configure:12536: gcc -E  conftest.c
conftest.c:25:17: fatal error: jni.h: No such file or directory
compilation terminated.
configure:12536: $? = 1
configure: failed program was:
| /* confdefs.h */
| #define PACKAGE_NAME "PROJ.4 Projections"
| #define PACKAGE_TARNAME "proj"
| #define PACKAGE_VERSION "4.9.1"
| #define PACKAGE_STRING "PROJ.4 Projections 4.9.1"
| #define PACKAGE_BUGREPORT "warmerdam@pobox.com"
| #define PACKAGE_URL ""
| #define PACKAGE "proj"
| #define VERSION "4.9.1"
| #define STDC_HEADERS 1
| #define HAVE_SYS_TYPES_H 1
| #define HAVE_SYS_STAT_H 1
| #define HAVE_STDLIB_H 1
| #define HAVE_STRING_H 1
| #define HAVE_MEMORY_H 1
| #define HAVE_STRINGS_H 1
| #define HAVE_INTTYPES_H 1
| #define HAVE_STDINT_H 1
| #define HAVE_UNISTD_H 1
| #define HAVE_DLFCN_H 1
| #define LT_OBJDIR ".libs/"
| #define HAVE_LIBM 1
| #define STDC_HEADERS 1
| /* end confdefs.h.  */
| #include <jni.h>
configure:12536: result: no
configure:12536: checking for jni.h
configure:12536: result: no
configure:12547: checking whether to enable Java/JNI support
configure:12551: result: disabled
configure:12580: checking for mutexes
configure:12584: checking for pthread_mutexattr_settype in -lpthread
configure:12609: gcc -o conftest -g -O2   conftest.c -lpthread  -lm  >&5
configure:12609: $? = 0
configure:12618: result: yes
configure:12629: result: enabled, pthread
configure:12750: checking that generated files are newer than configure
configure:12756: result: done
configure:12787: creating ./config.status

## ---------------------- ##
## Running config.status. ##
## ---------------------- ##

This file was extended by PROJ.4 Projections config.status 4.9.1, which was
generated by GNU Autoconf 2.69.  Invocation command line was

  CONFIG_FILES    = 
  CONFIG_HEADERS  = 
  CONFIG_LINKS    = 
  CONFIG_COMMANDS = 
  $ ./config.status 

on anirrudh-desktop

config.status:1099: creating Makefile
config.status:1099: creating cmake/Makefile
config.status:1099: creating src/Makefile
config.status:1099: creating man/Makefile
config.status:1099: creating man/man1/Makefile
config.status:1099: creating man/man3/Makefile
config.status:1099: creating nad/Makefile
config.status:1099: creating jniwrap/Makefile
config.status:1099: creating jniwrap/org/Makefile
config.status:1099: creating jniwrap/org/proj4/Makefile
config.status:1099: creating src/proj_config.h
config.status:1328: executing depfiles commands
config.status:1328: executing libtool commands
configure:15131: checking that generated files are newer than configure
configure:15137: result: done
configure:15172: creating ./config.status

## ---------------------- ##
## Running config.status. ##
## ---------------------- ##

This file was extended by PROJ.4 Projections config.status 4.9.1, which was
generated by GNU Autoconf 2.69.  Invocation command line was

  CONFIG_FILES    = 
  CONFIG_HEADERS  = 
  CONFIG_LINKS    = 
  CONFIG_COMMANDS = 
  $ ./config.status 

on anirrudh-desktop

config.status:1101: creating Makefile
config.status:1101: creating cmake/Makefile
config.status:1101: creating src/Makefile
config.status:1101: creating man/Makefile
config.status:1101: creating man/man1/Makefile
config.status:1101: creating man/man3/Makefile
config.status:1101: creating nad/Makefile
config.status:1101: creating jniwrap/Makefile
config.status:1101: creating jniwrap/org/Makefile
config.status:1101: creating jniwrap/org/proj4/Makefile
config.status:1101: creating proj.pc
config.status:1101: creating src/proj_config.h
config.status:1282: src/proj_config.h is unchanged
config.status:1330: executing depfiles commands
config.status:1330: executing libtool commands

## ---------------- ##
## Cache variables. ##
## ---------------- ##

ac_cv_build=x86_64-unknown-linux-gnu
ac_cv_c_compiler_gnu=yes
ac_cv_cflags_warn_all='-Wall -Wdeclaration-after-statement'
ac_cv_env_CC_set=
ac_cv_env_CC_value=
ac_cv_env_CFLAGS_set=
ac_cv_env_CFLAGS_value=
ac_cv_env_CPPFLAGS_set=
ac_cv_env_CPPFLAGS_value=
ac_cv_env_CPP_set=
ac_cv_env_CPP_value=
ac_cv_env_LDFLAGS_set=
ac_cv_env_LDFLAGS_value=
ac_cv_env_LIBS_set=
ac_cv_env_LIBS_value=
ac_cv_env_build_alias_set=
ac_cv_env_build_alias_value=
ac_cv_env_host_alias_set=
ac_cv_env_host_alias_value=
ac_cv_env_target_alias_set=
ac_cv_env_target_alias_value=
ac_cv_header_dlfcn_h=yes
ac_cv_header_inttypes_h=yes
ac_cv_header_jni_h=no
ac_cv_header_memory_h=yes
ac_cv_header_stdc=yes
ac_cv_header_stdint_h=yes
ac_cv_header_stdlib_h=yes
ac_cv_header_string_h=yes
ac_cv_header_strings_h=yes
ac_cv_header_sys_stat_h=yes
ac_cv_header_sys_types_h=yes
ac_cv_header_unistd_h=yes
ac_cv_host=x86_64-unknown-linux-gnu
ac_cv_lib_m_exp=yes
ac_cv_lib_pthread_pthread_mutexattr_settype=yes
ac_cv_objext=o
ac_cv_path_EGREP='/bin/grep -E'
ac_cv_path_FGREP='/bin/grep -F'
ac_cv_path_GREP=/bin/grep
ac_cv_path_SED=/bin/sed
ac_cv_path_install='/usr/bin/install -c'
ac_cv_path_mkdir=/bin/mkdir
ac_cv_prog_AWK=gawk
ac_cv_prog_CPP='gcc -E'
ac_cv_prog_ac_ct_AR=ar
ac_cv_prog_ac_ct_CC=gcc
ac_cv_prog_ac_ct_MANIFEST_TOOL=mt
ac_cv_prog_ac_ct_OBJDUMP=objdump
ac_cv_prog_ac_ct_RANLIB=ranlib
ac_cv_prog_ac_ct_STRIP=strip
ac_cv_prog_cc_c89=
ac_cv_prog_cc_g=yes
ac_cv_prog_make_make_set=yes
am_cv_CC_dependencies_compiler_type=gcc3
am_cv_make_support_nested_variables=yes
am_cv_prog_cc_c_o=yes
lt_cv_ar_at_file=@
lt_cv_archive_cmds_need_lc=no
lt_cv_deplibs_check_method=pass_all
lt_cv_file_magic_cmd='$MAGIC_CMD'
lt_cv_file_magic_test_file=
lt_cv_ld_reload_flag=-r
lt_cv_nm_interface='BSD nm'
lt_cv_objdir=.libs
lt_cv_path_LD=/usr/bin/ld
lt_cv_path_NM='/usr/bin/nm -B'
lt_cv_path_mainfest_tool=no
lt_cv_prog_compiler_c_o=yes
lt_cv_prog_compiler_pic='-fPIC -DPIC'
lt_cv_prog_compiler_pic_works=yes
lt_cv_prog_compiler_rtti_exceptions=no
lt_cv_prog_compiler_static_works=yes
lt_cv_prog_gnu_ld=yes
lt_cv_sharedlib_from_linklib_cmd='printf %s\n'
lt_cv_shlibpath_overrides_runpath=no
lt_cv_sys_global_symbol_pipe='sed -n -e '\''s/^.*[	 ]\([ABCDGIRSTW][ABCDGIRSTW]*\)[	 ][	 ]*\([_A-Za-z][_A-Za-z0-9]*\)$/\1 \2 \2/p'\'' | sed '\''/ __gnu_lto/d'\'''
lt_cv_sys_global_symbol_to_c_name_address='sed -n -e '\''s/^: \([^ ]*\)[ ]*$/  {\"\1\", (void *) 0},/p'\'' -e '\''s/^[ABCDGIRSTW]* \([^ ]*\) \([^ ]*\)$/  {"\2", (void *) \&\2},/p'\'''
lt_cv_sys_global_symbol_to_c_name_address_lib_prefix='sed -n -e '\''s/^: \([^ ]*\)[ ]*$/  {\"\1\", (void *) 0},/p'\'' -e '\''s/^[ABCDGIRSTW]* \([^ ]*\) \(lib[^ ]*\)$/  {"\2", (void *) \&\2},/p'\'' -e '\''s/^[ABCDGIRSTW]* \([^ ]*\) \([^ ]*\)$/  {"lib\2", (void *) \&\2},/p'\'''
lt_cv_sys_global_symbol_to_cdecl='sed -n -e '\''s/^T .* \(.*\)$/extern int \1();/p'\'' -e '\''s/^[ABCDGIRSTW]* .* \(.*\)$/extern char \1;/p'\'''
lt_cv_sys_max_cmd_len=1572864
lt_cv_to_host_file_cmd=func_convert_file_noop
lt_cv_to_tool_file_cmd=func_convert_file_noop

## ----------------- ##
## Output variables. ##
## ----------------- ##

ACLOCAL='aclocal-1.14'
AMDEPBACKSLASH='\'
AMDEP_FALSE='#'
AMDEP_TRUE=''
AMTAR='$${TAR-tar}'
AM_BACKSLASH='\'
AM_DEFAULT_V='$(AM_DEFAULT_VERBOSITY)'
AM_DEFAULT_VERBOSITY='1'
AM_V='$(V)'
AR='ar'
AUTOCONF='autoconf'
AUTOHEADER='autoheader'
AUTOMAKE='automake-1.14'
AWK='gawk'
CC='gcc'
CCDEPMODE='depmode=gcc3'
CFLAGS='-g -O2'
CPP='gcc -E'
CPPFLAGS=''
CYGPATH_W='echo'
C_WFLAGS=' -Wall -Wdeclaration-after-statement'
DEFS='-DHAVE_CONFIG_H'
DEPDIR='.deps'
DLLTOOL='false'
DSYMUTIL=''
DUMPBIN=''
ECHO_C=''
ECHO_N='-n'
ECHO_T=''
EGREP='/bin/grep -E'
EXEEXT=''
FGREP='/bin/grep -F'
GREP='/bin/grep'
INSTALL_DATA='${INSTALL} -m 644'
INSTALL_PROGRAM='${INSTALL}'
INSTALL_SCRIPT='${INSTALL}'
INSTALL_STRIP_PROGRAM='$(install_sh) -c -s'
JNI_INCLUDE=''
LD='/usr/bin/ld -m elf_x86_64'
LDFLAGS=''
LIBOBJS=''
LIBS='-lpthread -lm '
LIBTOOL='$(SHELL) $(top_builddir)/libtool'
LIPO=''
LN_S='ln -s'
LTLIBOBJS=''
MAINT='#'
MAINTAINER_MODE_FALSE=''
MAINTAINER_MODE_TRUE='#'
MAKEINFO='makeinfo'
MANIFEST_TOOL=':'
MKDIR_P='/bin/mkdir -p'
MUTEX_SETTING='pthread'
NM='/usr/bin/nm -B'
NMEDIT=''
OBJDUMP='objdump'
OBJEXT='o'
OTOOL64=''
OTOOL=''
PACKAGE='proj'
PACKAGE_BUGREPORT='warmerdam@pobox.com'
PACKAGE_NAME='PROJ.4 Projections'
PACKAGE_STRING='PROJ.4 Projections 4.9.1'
PACKAGE_TARNAME='proj'
PACKAGE_URL=''
PACKAGE_VERSION='4.9.1'
PATH_SEPARATOR=':'
RANLIB='ranlib'
SED='/bin/sed'
SET_MAKE=''
SHELL='/bin/bash'
STRIP='strip'
VERSION='4.9.1'
ac_ct_AR='ar'
ac_ct_CC='gcc'
ac_ct_DUMPBIN=''
am__EXEEXT_FALSE=''
am__EXEEXT_TRUE='#'
am__fastdepCC_FALSE='#'
am__fastdepCC_TRUE=''
am__include='include'
am__isrc=''
am__leading_dot='.'
am__nodep='_no'
am__quote=''
am__tar='$${TAR-tar} chof - "$$tardir"'
am__untar='$${TAR-tar} xf -'
bindir='${exec_prefix}/bin'
build='x86_64-unknown-linux-gnu'
build_alias=''
build_cpu='x86_64'
build_os='linux-gnu'
build_vendor='unknown'
datadir='${datarootdir}'
datarootdir='${prefix}/share'
docdir='${datarootdir}/doc/${PACKAGE_TARNAME}'
dvidir='${docdir}'
exec_prefix='${prefix}'
host='x86_64-unknown-linux-gnu'
host_alias=''
host_cpu='x86_64'
host_os='linux-gnu'
host_vendor='unknown'
htmldir='${docdir}'
includedir='${prefix}/include'
infodir='${datarootdir}/info'
install_sh='${SHELL} /home/anirrudh/Anirrudh/djangoproject/myproject/proj-4.9.1/install-sh'
libdir='${exec_prefix}/lib'
libexecdir='${exec_prefix}/libexec'
localedir='${datarootdir}/locale'
localstatedir='${prefix}/var'
mandir='${datarootdir}/man'
mkdir_p='$(MKDIR_P)'
oldincludedir='/usr/include'
pdfdir='${docdir}'
prefix='/usr/local'
program_transform_name='s,x,x,'
psdir='${docdir}'
runstatedir='${localstatedir}/run'
sbindir='${exec_prefix}/sbin'
sharedstatedir='${prefix}/com'
sysconfdir='${prefix}/etc'
target_alias=''

## ----------- ##
## confdefs.h. ##
## ----------- ##

/* confdefs.h */
#define PACKAGE_NAME "PROJ.4 Projections"
#define PACKAGE_TARNAME "proj"
#define PACKAGE_VERSION "4.9.1"
#define PACKAGE_STRING "PROJ.4 Projections 4.9.1"
#define PACKAGE_BUGREPORT "warmerdam@pobox.com"
#define PACKAGE_URL ""
#define PACKAGE "proj"
#define VERSION "4.9.1"
#define STDC_HEADERS 1
#define HAVE_SYS_TYPES_H 1
#define HAVE_SYS_STAT_H 1
#define HAVE_STDLIB_H 1
#define HAVE_STRING_H 1
#define HAVE_MEMORY_H 1
#define HAVE_STRINGS_H 1
#define HAVE_INTTYPES_H 1
#define HAVE_STDINT_H 1
#define HAVE_UNISTD_H 1
#define HAVE_DLFCN_H 1
#define LT_OBJDIR ".libs/"
#define HAVE_LIBM 1
#define STDC_HEADERS 1
#define HAVE_LIBPTHREAD 1

configure: exit 0
